{"/workspace/milestone-project-2/src/quizLogic.js": {"path":"/workspace/milestone-project-2/src/quizLogic.js","statementMap":{"0":{"start":{"line":1,"column":27},"end":{"line":1,"column":28}},"1":{"start":{"line":2,"column":12},"end":{"line":2,"column":13}},"2":{"start":{"line":8,"column":2},"end":{"line":8,"column":27}},"3":{"start":{"line":9,"column":2},"end":{"line":9,"column":12}},"4":{"start":{"line":19,"column":2},"end":{"line":19,"column":42}},"5":{"start":{"line":26,"column":2},"end":{"line":26,"column":10}},"6":{"start":{"line":36,"column":2},"end":{"line":38,"column":3}},"7":{"start":{"line":37,"column":4},"end":{"line":37,"column":64}},"8":{"start":{"line":39,"column":2},"end":{"line":41,"column":3}},"9":{"start":{"line":40,"column":4},"end":{"line":40,"column":17}},"10":{"start":{"line":42,"column":2},"end":{"line":42,"column":25}},"11":{"start":{"line":43,"column":2},"end":{"line":43,"column":47}},"12":{"start":{"line":51,"column":2},"end":{"line":51,"column":15}},"13":{"start":{"line":59,"column":2},"end":{"line":59,"column":30}},"14":{"start":{"line":62,"column":0},"end":{"line":69,"column":2}}},"fnMap":{"0":{"name":"resetQuiz","decl":{"start":{"line":7,"column":9},"end":{"line":7,"column":18}},"loc":{"start":{"line":7,"column":21},"end":{"line":10,"column":1}},"line":7},"1":{"name":"isAnswerCorrect","decl":{"start":{"line":18,"column":9},"end":{"line":18,"column":24}},"loc":{"start":{"line":18,"column":56},"end":{"line":20,"column":1}},"line":18},"2":{"name":"incrementScore","decl":{"start":{"line":25,"column":9},"end":{"line":25,"column":23}},"loc":{"start":{"line":25,"column":26},"end":{"line":27,"column":1}},"line":25},"3":{"name":"nextQuestion","decl":{"start":{"line":35,"column":9},"end":{"line":35,"column":21}},"loc":{"start":{"line":35,"column":38},"end":{"line":44,"column":1}},"line":35},"4":{"name":"getCurrentScore","decl":{"start":{"line":50,"column":9},"end":{"line":50,"column":24}},"loc":{"start":{"line":50,"column":27},"end":{"line":52,"column":1}},"line":50},"5":{"name":"getCurrentQuestionIndex","decl":{"start":{"line":58,"column":9},"end":{"line":58,"column":32}},"loc":{"start":{"line":58,"column":35},"end":{"line":60,"column":1}},"line":58}},"branchMap":{"0":{"loc":{"start":{"line":36,"column":2},"end":{"line":38,"column":3}},"type":"if","locations":[{"start":{"line":36,"column":2},"end":{"line":38,"column":3}},{"start":{},"end":{}}],"line":36},"1":{"loc":{"start":{"line":36,"column":6},"end":{"line":36,"column":63}},"type":"binary-expr","locations":[{"start":{"line":36,"column":6},"end":{"line":36,"column":40}},{"start":{"line":36,"column":44},"end":{"line":36,"column":63}}],"line":36},"2":{"loc":{"start":{"line":39,"column":2},"end":{"line":41,"column":3}},"type":"if","locations":[{"start":{"line":39,"column":2},"end":{"line":41,"column":3}},{"start":{},"end":{}}],"line":39}},"s":{"0":1,"1":1,"2":9,"3":9,"4":2,"5":3,"6":9,"7":3,"8":6,"9":0,"10":6,"11":6,"12":5,"13":6,"14":1},"f":{"0":9,"1":2,"2":3,"3":9,"4":5,"5":6},"b":{"0":[3,6],"1":[9,8],"2":[0,6]},"_coverageSchema":"1a1c01bbd47fc00a2c39e90264f33305004495a9","hash":"783dc8be74957c44a3d8167bf574e966bd942435"}
}
