TN:
SF:src/quizLogic.js
FN:7,resetQuiz
FN:18,isAnswerCorrect
FN:25,incrementScore
FN:35,nextQuestion
FN:50,getCurrentScore
FN:58,getCurrentQuestionIndex
FNF:6
FNH:6
FNDA:9,resetQuiz
FNDA:2,isAnswerCorrect
FNDA:3,incrementScore
FNDA:9,nextQuestion
FNDA:5,getCurrentScore
FNDA:6,getCurrentQuestionIndex
DA:1,1
DA:2,1
DA:8,9
DA:9,9
DA:19,2
DA:26,3
DA:36,9
DA:37,3
DA:39,6
DA:40,0
DA:42,6
DA:43,6
DA:51,5
DA:59,6
DA:62,1
LF:15
LH:14
BRDA:36,0,0,3
BRDA:36,0,1,6
BRDA:36,1,0,9
BRDA:36,1,1,8
BRDA:39,2,0,0
BRDA:39,2,1,6
BRF:6
BRH:5
end_of_record
